Command line:
   tb_shiftregister_isim_beh.exe
     -simmode  gui
     -simrunnum  0
     -socket  57969

Wed Oct 14 15:27:30 2015


 Elaboration Time: 0.109375 sec

 Current Memory Usage: 840.868 Meg

 Total Signals          : 11
 Total Nets             : 20
 Total Signal Drivers   : 6
 Total Blocks           : 3
 Total Primitive Blocks : 2
 Total Processes        : 6
 Total Traceable Variables  : 9
 Total Scalar Nets and Variables : 381
Total Line Count : 12

 Total Simulation Time: 0.140625 sec

 Current Memory Usage: 1155.46 Meg

Wed Oct 14 15:28:14 2015

